This is pdfTeX, Version 3.14159265-2.6-1.40.16 (TeX Live 2015/Debian) (preloaded format=pdflatex 2018.6.14)  25 SEP 2018 00:31
entering extended mode
 restricted \write18 enabled.
 %&-line parsing enabled.
**main.tex
(./main.tex
LaTeX2e <2016/02/01>
Babel <3.9q> and hyphenation patterns for 81 language(s) loaded.
(/usr/share/texlive/texmf-dist/tex/latex/base/article.cls
Document Class: article 2014/09/29 v1.4h Standard LaTeX document class
(/usr/share/texlive/texmf-dist/tex/latex/base/size12.clo
File: size12.clo 2014/09/29 v1.4h Standard LaTeX file (size option)
)
\c@part=\count79
\c@section=\count80
\c@subsection=\count81
\c@subsubsection=\count82
\c@paragraph=\count83
\c@subparagraph=\count84
\c@figure=\count85
\c@table=\count86
\abovecaptionskip=\skip41
\belowcaptionskip=\skip42
\bibindent=\dimen102
)
(/usr/share/texlive/texmf-dist/tex/generic/babel/babel.sty
Package: babel 2016/02/24 3.9q The Babel package

(/usr/share/texlive/texmf-dist/tex/generic/babel-spanish/spanish.ldf
Language: spanish.ldf 2016/01/15 v5.0o Spanish support from the babel system

(/usr/share/texlive/texmf-dist/tex/generic/babel/babel.def
File: babel.def 2016/02/24 3.9q Babel common definitions
\babel@savecnt=\count87
\U@D=\dimen103
)
\es@quottoks=\toks14
\es@quotdepth=\count88
Package babel Info: Making " an active character on input line 533.
Package babel Info: Making . an active character on input line 634.
Package babel Info: Making < an active character on input line 679.
Package babel Info: Making > an active character on input line 679.
))
(/usr/share/texlive/texmf-dist/tex/latex/base/inputenc.sty
Package: inputenc 2015/03/17 v1.2c Input encoding file
\inpenc@prehook=\toks15
\inpenc@posthook=\toks16

(/usr/share/texlive/texmf-dist/tex/latex/ucs/utf8x.def
File: utf8x.def 2004/10/17 UCS: Input encoding UTF-8
))
(/usr/share/texlive/texmf-dist/tex/latex/ucs/ucs.sty
Package: ucs 2013/05/11 v2.2 UCS: Unicode input support

(/usr/share/texlive/texmf-dist/tex/latex/ucs/data/uni-global.def
File: uni-global.def 2013/05/13 UCS: Unicode global data
)
\uc@secondtry=\count89
\uc@combtoks=\toks17
\uc@combtoksb=\toks18
\uc@temptokena=\toks19
)
(/usr/share/texlive/texmf-dist/tex/latex/amsmath/amsmath.sty
Package: amsmath 2016/03/03 v2.15a AMS math features
\@mathmargin=\skip43

For additional information on amsmath, use the `?' option.
(/usr/share/texlive/texmf-dist/tex/latex/amsmath/amstext.sty
Package: amstext 2000/06/29 v2.01 AMS text

(/usr/share/texlive/texmf-dist/tex/latex/amsmath/amsgen.sty
File: amsgen.sty 1999/11/30 v2.0 generic functions
\@emptytoks=\toks20
\ex@=\dimen104
))
(/usr/share/texlive/texmf-dist/tex/latex/amsmath/amsbsy.sty
Package: amsbsy 1999/11/29 v1.2d Bold Symbols
\pmbraise@=\dimen105
)
(/usr/share/texlive/texmf-dist/tex/latex/amsmath/amsopn.sty
Package: amsopn 1999/12/14 v2.01 operator names
)
\inf@bad=\count90
LaTeX Info: Redefining \frac on input line 199.
\uproot@=\count91
\leftroot@=\count92
LaTeX Info: Redefining \overline on input line 297.
\classnum@=\count93
\DOTSCASE@=\count94
LaTeX Info: Redefining \ldots on input line 394.
LaTeX Info: Redefining \dots on input line 397.
LaTeX Info: Redefining \cdots on input line 518.
\Mathstrutbox@=\box26
\strutbox@=\box27
\big@size=\dimen106
LaTeX Font Info:    Redeclaring font encoding OML on input line 630.
LaTeX Font Info:    Redeclaring font encoding OMS on input line 631.
\macc@depth=\count95
\c@MaxMatrixCols=\count96
\dotsspace@=\muskip10
\c@parentequation=\count97
\dspbrk@lvl=\count98
\tag@help=\toks21
\row@=\count99
\column@=\count100
\maxfields@=\count101
\andhelp@=\toks22
\eqnshift@=\dimen107
\alignsep@=\dimen108
\tagshift@=\dimen109
\tagwidth@=\dimen110
\totwidth@=\dimen111
\lineht@=\dimen112
\@envbody=\toks23
\multlinegap=\skip44
\multlinetaggap=\skip45
\mathdisplay@stack=\toks24
LaTeX Info: Redefining \[ on input line 2735.
LaTeX Info: Redefining \] on input line 2736.
)
(/usr/share/texlive/texmf-dist/tex/latex/graphics/graphicx.sty
Package: graphicx 2014/10/28 v1.0g Enhanced LaTeX Graphics (DPC,SPQR)

(/usr/share/texlive/texmf-dist/tex/latex/graphics/keyval.sty
Package: keyval 2014/10/28 v1.15 key=value parser (DPC)
\KV@toks@=\toks25
)
(/usr/share/texlive/texmf-dist/tex/latex/graphics/graphics.sty
Package: graphics 2016/01/03 v1.0q Standard LaTeX Graphics (DPC,SPQR)

(/usr/share/texlive/texmf-dist/tex/latex/graphics/trig.sty
Package: trig 2016/01/03 v1.10 sin cos tan (DPC)
)
(/usr/share/texlive/texmf-dist/tex/latex/latexconfig/graphics.cfg
File: graphics.cfg 2010/04/23 v1.9 graphics configuration of TeX Live
)
Package graphics Info: Driver file: pdftex.def on input line 95.

(/usr/share/texlive/texmf-dist/tex/latex/pdftex-def/pdftex.def
File: pdftex.def 2011/05/27 v0.06d Graphics/color for pdfTeX

(/usr/share/texlive/texmf-dist/tex/generic/oberdiek/infwarerr.sty
Package: infwarerr 2010/04/08 v1.3 Providing info/warning/error messages (HO)
)
(/usr/share/texlive/texmf-dist/tex/generic/oberdiek/ltxcmds.sty
Package: ltxcmds 2011/11/09 v1.22 LaTeX kernel commands for general use (HO)
)
\Gread@gobject=\count102
))
\Gin@req@height=\dimen113
\Gin@req@width=\dimen114
)
(/usr/share/texlive/texmf-dist/tex/latex/todonotes/todonotes.sty
Package: todonotes 2015/07/09 .dtx Todonotes source and documentation.
Package: todonotes 2012/07/25

(/usr/share/texlive/texmf-dist/tex/latex/base/ifthen.sty
Package: ifthen 2014/09/29 v1.1c Standard LaTeX ifthen package (DPC)
)
(/usr/share/texlive/texmf-dist/tex/latex/xkeyval/xkeyval.sty
Package: xkeyval 2014/12/03 v2.7a package option processing (HA)

(/usr/share/texlive/texmf-dist/tex/generic/xkeyval/xkeyval.tex
(/usr/share/texlive/texmf-dist/tex/generic/xkeyval/xkvutils.tex
\XKV@toks=\toks26
\XKV@tempa@toks=\toks27
)
\XKV@depth=\count103
File: xkeyval.tex 2014/12/03 v2.7a key=value parser (HA)
))
(/usr/share/texlive/texmf-dist/tex/latex/xcolor/xcolor.sty
Package: xcolor 2007/01/21 v2.11 LaTeX color extensions (UK)

(/usr/share/texlive/texmf-dist/tex/latex/latexconfig/color.cfg
File: color.cfg 2007/01/18 v1.5 color configuration of teTeX/TeXLive
)
Package xcolor Info: Driver file: pdftex.def on input line 225.
Package xcolor Info: Model `cmy' substituted by `cmy0' on input line 1337.
Package xcolor Info: Model `hsb' substituted by `rgb' on input line 1341.
Package xcolor Info: Model `RGB' extended on input line 1353.
Package xcolor Info: Model `HTML' substituted by `rgb' on input line 1355.
Package xcolor Info: Model `Hsb' substituted by `hsb' on input line 1356.
Package xcolor Info: Model `tHsb' substituted by `hsb' on input line 1357.
Package xcolor Info: Model `HSB' substituted by `hsb' on input line 1358.
Package xcolor Info: Model `Gray' substituted by `gray' on input line 1359.
Package xcolor Info: Model `wave' substituted by `hsb' on input line 1360.
)
(/usr/share/texlive/texmf-dist/tex/latex/pgf/frontendlayer/tikz.sty
(/usr/share/texlive/texmf-dist/tex/latex/pgf/basiclayer/pgf.sty
(/usr/share/texlive/texmf-dist/tex/latex/pgf/utilities/pgfrcs.sty
(/usr/share/texlive/texmf-dist/tex/generic/pgf/utilities/pgfutil-common.tex
\pgfutil@everybye=\toks28
\pgfutil@tempdima=\dimen115
\pgfutil@tempdimb=\dimen116

(/usr/share/texlive/texmf-dist/tex/generic/pgf/utilities/pgfutil-common-lists.t
ex)) (/usr/share/texlive/texmf-dist/tex/generic/pgf/utilities/pgfutil-latex.def
\pgfutil@abb=\box28
(/usr/share/texlive/texmf-dist/tex/latex/ms/everyshi.sty
Package: everyshi 2001/05/15 v3.00 EveryShipout Package (MS)
))
(/usr/share/texlive/texmf-dist/tex/generic/pgf/utilities/pgfrcs.code.tex
Package: pgfrcs 2015/08/07 v3.0.1a (rcs-revision 1.31)
))
Package: pgf 2015/08/07 v3.0.1a (rcs-revision 1.15)

(/usr/share/texlive/texmf-dist/tex/latex/pgf/basiclayer/pgfcore.sty
(/usr/share/texlive/texmf-dist/tex/latex/pgf/systemlayer/pgfsys.sty
(/usr/share/texlive/texmf-dist/tex/generic/pgf/systemlayer/pgfsys.code.tex
Package: pgfsys 2014/07/09 v3.0.1a (rcs-revision 1.48)

(/usr/share/texlive/texmf-dist/tex/generic/pgf/utilities/pgfkeys.code.tex
\pgfkeys@pathtoks=\toks29
\pgfkeys@temptoks=\toks30

(/usr/share/texlive/texmf-dist/tex/generic/pgf/utilities/pgfkeysfiltered.code.t
ex
\pgfkeys@tmptoks=\toks31
))
\pgf@x=\dimen117
\pgf@y=\dimen118
\pgf@xa=\dimen119
\pgf@ya=\dimen120
\pgf@xb=\dimen121
\pgf@yb=\dimen122
\pgf@xc=\dimen123
\pgf@yc=\dimen124
\w@pgf@writea=\write3
\r@pgf@reada=\read1
\c@pgf@counta=\count104
\c@pgf@countb=\count105
\c@pgf@countc=\count106
\c@pgf@countd=\count107
\t@pgf@toka=\toks32
\t@pgf@tokb=\toks33
\t@pgf@tokc=\toks34
 (/usr/share/texlive/texmf-dist/tex/generic/pgf/systemlayer/pgf.cfg
File: pgf.cfg 2008/05/14  (rcs-revision 1.7)
)
Driver file for pgf: pgfsys-pdftex.def

(/usr/share/texlive/texmf-dist/tex/generic/pgf/systemlayer/pgfsys-pdftex.def
File: pgfsys-pdftex.def 2014/10/11  (rcs-revision 1.35)

(/usr/share/texlive/texmf-dist/tex/generic/pgf/systemlayer/pgfsys-common-pdf.de
f
File: pgfsys-common-pdf.def 2013/10/10  (rcs-revision 1.13)
)))
(/usr/share/texlive/texmf-dist/tex/generic/pgf/systemlayer/pgfsyssoftpath.code.
tex
File: pgfsyssoftpath.code.tex 2013/09/09  (rcs-revision 1.9)
\pgfsyssoftpath@smallbuffer@items=\count108
\pgfsyssoftpath@bigbuffer@items=\count109
)
(/usr/share/texlive/texmf-dist/tex/generic/pgf/systemlayer/pgfsysprotocol.code.
tex
File: pgfsysprotocol.code.tex 2006/10/16  (rcs-revision 1.4)
))
(/usr/share/texlive/texmf-dist/tex/generic/pgf/basiclayer/pgfcore.code.tex
Package: pgfcore 2010/04/11 v3.0.1a (rcs-revision 1.7)

(/usr/share/texlive/texmf-dist/tex/generic/pgf/math/pgfmath.code.tex
(/usr/share/texlive/texmf-dist/tex/generic/pgf/math/pgfmathcalc.code.tex
(/usr/share/texlive/texmf-dist/tex/generic/pgf/math/pgfmathutil.code.tex)
(/usr/share/texlive/texmf-dist/tex/generic/pgf/math/pgfmathparser.code.tex
\pgfmath@dimen=\dimen125
\pgfmath@count=\count110
\pgfmath@box=\box29
\pgfmath@toks=\toks35
\pgfmath@stack@operand=\toks36
\pgfmath@stack@operation=\toks37
)
(/usr/share/texlive/texmf-dist/tex/generic/pgf/math/pgfmathfunctions.code.tex
(/usr/share/texlive/texmf-dist/tex/generic/pgf/math/pgfmathfunctions.basic.code
.tex)
(/usr/share/texlive/texmf-dist/tex/generic/pgf/math/pgfmathfunctions.trigonomet
ric.code.tex)
(/usr/share/texlive/texmf-dist/tex/generic/pgf/math/pgfmathfunctions.random.cod
e.tex)
(/usr/share/texlive/texmf-dist/tex/generic/pgf/math/pgfmathfunctions.comparison
.code.tex)
(/usr/share/texlive/texmf-dist/tex/generic/pgf/math/pgfmathfunctions.base.code.
tex)
(/usr/share/texlive/texmf-dist/tex/generic/pgf/math/pgfmathfunctions.round.code
.tex)
(/usr/share/texlive/texmf-dist/tex/generic/pgf/math/pgfmathfunctions.misc.code.
tex)
(/usr/share/texlive/texmf-dist/tex/generic/pgf/math/pgfmathfunctions.integerari
thmetics.code.tex)))
(/usr/share/texlive/texmf-dist/tex/generic/pgf/math/pgfmathfloat.code.tex
\c@pgfmathroundto@lastzeros=\count111
))
(/usr/share/texlive/texmf-dist/tex/generic/pgf/basiclayer/pgfcorepoints.code.te
x
File: pgfcorepoints.code.tex 2013/10/07  (rcs-revision 1.27)
\pgf@picminx=\dimen126
\pgf@picmaxx=\dimen127
\pgf@picminy=\dimen128
\pgf@picmaxy=\dimen129
\pgf@pathminx=\dimen130
\pgf@pathmaxx=\dimen131
\pgf@pathminy=\dimen132
\pgf@pathmaxy=\dimen133
\pgf@xx=\dimen134
\pgf@xy=\dimen135
\pgf@yx=\dimen136
\pgf@yy=\dimen137
\pgf@zx=\dimen138
\pgf@zy=\dimen139
)
(/usr/share/texlive/texmf-dist/tex/generic/pgf/basiclayer/pgfcorepathconstruct.
code.tex
File: pgfcorepathconstruct.code.tex 2013/10/07  (rcs-revision 1.29)
\pgf@path@lastx=\dimen140
\pgf@path@lasty=\dimen141
)
(/usr/share/texlive/texmf-dist/tex/generic/pgf/basiclayer/pgfcorepathusage.code
.tex
File: pgfcorepathusage.code.tex 2014/11/02  (rcs-revision 1.24)
\pgf@shorten@end@additional=\dimen142
\pgf@shorten@start@additional=\dimen143
)
(/usr/share/texlive/texmf-dist/tex/generic/pgf/basiclayer/pgfcorescopes.code.te
x
File: pgfcorescopes.code.tex 2015/05/08  (rcs-revision 1.46)
\pgfpic=\box30
\pgf@hbox=\box31
\pgf@layerbox@main=\box32
\pgf@picture@serial@count=\count112
)
(/usr/share/texlive/texmf-dist/tex/generic/pgf/basiclayer/pgfcoregraphicstate.c
ode.tex
File: pgfcoregraphicstate.code.tex 2014/11/02  (rcs-revision 1.12)
\pgflinewidth=\dimen144
)
(/usr/share/texlive/texmf-dist/tex/generic/pgf/basiclayer/pgfcoretransformation
s.code.tex
File: pgfcoretransformations.code.tex 2015/08/07  (rcs-revision 1.20)
\pgf@pt@x=\dimen145
\pgf@pt@y=\dimen146
\pgf@pt@temp=\dimen147
)
(/usr/share/texlive/texmf-dist/tex/generic/pgf/basiclayer/pgfcorequick.code.tex
File: pgfcorequick.code.tex 2008/10/09  (rcs-revision 1.3)
)
(/usr/share/texlive/texmf-dist/tex/generic/pgf/basiclayer/pgfcoreobjects.code.t
ex
File: pgfcoreobjects.code.tex 2006/10/11  (rcs-revision 1.2)
)
(/usr/share/texlive/texmf-dist/tex/generic/pgf/basiclayer/pgfcorepathprocessing
.code.tex
File: pgfcorepathprocessing.code.tex 2013/09/09  (rcs-revision 1.9)
)
(/usr/share/texlive/texmf-dist/tex/generic/pgf/basiclayer/pgfcorearrows.code.te
x
File: pgfcorearrows.code.tex 2015/05/14  (rcs-revision 1.43)
\pgfarrowsep=\dimen148
)
(/usr/share/texlive/texmf-dist/tex/generic/pgf/basiclayer/pgfcoreshade.code.tex
File: pgfcoreshade.code.tex 2013/07/15  (rcs-revision 1.15)
\pgf@max=\dimen149
\pgf@sys@shading@range@num=\count113
)
(/usr/share/texlive/texmf-dist/tex/generic/pgf/basiclayer/pgfcoreimage.code.tex
File: pgfcoreimage.code.tex 2013/07/15  (rcs-revision 1.18)

(/usr/share/texlive/texmf-dist/tex/generic/pgf/basiclayer/pgfcoreexternal.code.
tex
File: pgfcoreexternal.code.tex 2014/07/09  (rcs-revision 1.21)
\pgfexternal@startupbox=\box33
))
(/usr/share/texlive/texmf-dist/tex/generic/pgf/basiclayer/pgfcorelayers.code.te
x
File: pgfcorelayers.code.tex 2013/07/18  (rcs-revision 1.7)
)
(/usr/share/texlive/texmf-dist/tex/generic/pgf/basiclayer/pgfcoretransparency.c
ode.tex
File: pgfcoretransparency.code.tex 2013/09/30  (rcs-revision 1.5)
)
(/usr/share/texlive/texmf-dist/tex/generic/pgf/basiclayer/pgfcorepatterns.code.
tex
File: pgfcorepatterns.code.tex 2013/11/07  (rcs-revision 1.5)
)))
(/usr/share/texlive/texmf-dist/tex/generic/pgf/modules/pgfmoduleshapes.code.tex
File: pgfmoduleshapes.code.tex 2014/03/21  (rcs-revision 1.35)
\pgfnodeparttextbox=\box34
) (/usr/share/texlive/texmf-dist/tex/generic/pgf/modules/pgfmoduleplot.code.tex
File: pgfmoduleplot.code.tex 2015/08/03  (rcs-revision 1.13)
)
(/usr/share/texlive/texmf-dist/tex/latex/pgf/compatibility/pgfcomp-version-0-65
.sty
Package: pgfcomp-version-0-65 2007/07/03 v3.0.1a (rcs-revision 1.7)
\pgf@nodesepstart=\dimen150
\pgf@nodesepend=\dimen151
)
(/usr/share/texlive/texmf-dist/tex/latex/pgf/compatibility/pgfcomp-version-1-18
.sty
Package: pgfcomp-version-1-18 2007/07/23 v3.0.1a (rcs-revision 1.1)
)) (/usr/share/texlive/texmf-dist/tex/latex/pgf/utilities/pgffor.sty
(/usr/share/texlive/texmf-dist/tex/latex/pgf/utilities/pgfkeys.sty
(/usr/share/texlive/texmf-dist/tex/generic/pgf/utilities/pgfkeys.code.tex))
(/usr/share/texlive/texmf-dist/tex/latex/pgf/math/pgfmath.sty
(/usr/share/texlive/texmf-dist/tex/generic/pgf/math/pgfmath.code.tex))
(/usr/share/texlive/texmf-dist/tex/generic/pgf/utilities/pgffor.code.tex
Package: pgffor 2013/12/13 v3.0.1a (rcs-revision 1.25)

(/usr/share/texlive/texmf-dist/tex/generic/pgf/math/pgfmath.code.tex)
\pgffor@iter=\dimen152
\pgffor@skip=\dimen153
\pgffor@stack=\toks38
\pgffor@toks=\toks39
))
(/usr/share/texlive/texmf-dist/tex/generic/pgf/frontendlayer/tikz/tikz.code.tex
Package: tikz 2015/08/07 v3.0.1a (rcs-revision 1.151)

(/usr/share/texlive/texmf-dist/tex/generic/pgf/libraries/pgflibraryplothandlers
.code.tex
File: pgflibraryplothandlers.code.tex 2013/08/31 v3.0.1a (rcs-revision 1.20)
\pgf@plot@mark@count=\count114
\pgfplotmarksize=\dimen154
)
\tikz@lastx=\dimen155
\tikz@lasty=\dimen156
\tikz@lastxsaved=\dimen157
\tikz@lastysaved=\dimen158
\tikzleveldistance=\dimen159
\tikzsiblingdistance=\dimen160
\tikz@figbox=\box35
\tikz@figbox@bg=\box36
\tikz@tempbox=\box37
\tikz@tempbox@bg=\box38
\tikztreelevel=\count115
\tikznumberofchildren=\count116
\tikznumberofcurrentchild=\count117
\tikz@fig@count=\count118

(/usr/share/texlive/texmf-dist/tex/generic/pgf/modules/pgfmodulematrix.code.tex
File: pgfmodulematrix.code.tex 2013/09/17  (rcs-revision 1.8)
\pgfmatrixcurrentrow=\count119
\pgfmatrixcurrentcolumn=\count120
\pgf@matrix@numberofcolumns=\count121
)
\tikz@expandcount=\count122

(/usr/share/texlive/texmf-dist/tex/generic/pgf/frontendlayer/tikz/libraries/tik
zlibrarytopaths.code.tex
File: tikzlibrarytopaths.code.tex 2008/06/17 v3.0.1a (rcs-revision 1.2)
)))
(/usr/share/texlive/texmf-dist/tex/generic/pgf/frontendlayer/tikz/libraries/tik
zlibrarypositioning.code.tex
File: tikzlibrarypositioning.code.tex 2008/10/06 v3.0.1a (rcs-revision 1.7)
)
(/usr/share/texlive/texmf-dist/tex/latex/tools/calc.sty
Package: calc 2014/10/28 v4.3 Infix arithmetic (KKT,FJ)
\calc@Acount=\count123
\calc@Bcount=\count124
\calc@Adimen=\dimen161
\calc@Bdimen=\dimen162
\calc@Askip=\skip46
\calc@Bskip=\skip47
LaTeX Info: Redefining \setlength on input line 80.
LaTeX Info: Redefining \addtolength on input line 81.
\calc@Ccount=\count125
\calc@Cskip=\skip48
)
\c@@todonotes@numberoftodonotes=\count126
)
(/usr/share/texlive/texmf-dist/tex/latex/booktabs/booktabs.sty
Package: booktabs 2005/04/14 v1.61803 publication quality tables
\heavyrulewidth=\dimen163
\lightrulewidth=\dimen164
\cmidrulewidth=\dimen165
\belowrulesep=\dimen166
\belowbottomsep=\dimen167
\aboverulesep=\dimen168
\abovetopsep=\dimen169
\cmidrulesep=\dimen170
\cmidrulekern=\dimen171
\defaultaddspace=\dimen172
\@cmidla=\count127
\@cmidlb=\count128
\@aboverulesep=\dimen173
\@belowrulesep=\dimen174
\@thisruleclass=\count129
\@lastruleclass=\count130
\@thisrulewidth=\dimen175
)
(/usr/share/texlive/texmf-dist/tex/latex/natbib/natbib.sty
Package: natbib 2010/09/13 8.31b (PWD, AO)
\bibhang=\skip49
\bibsep=\skip50
LaTeX Info: Redefining \cite on input line 694.
\c@NAT@ctr=\count131
)
(/usr/share/texlive/texmf-dist/tex/latex/listings/listings.sty
\lst@mode=\count132
\lst@gtempboxa=\box39
\lst@token=\toks40
\lst@length=\count133
\lst@currlwidth=\dimen176
\lst@column=\count134
\lst@pos=\count135
\lst@lostspace=\dimen177
\lst@width=\dimen178
\lst@newlines=\count136
\lst@lineno=\count137
\lst@maxwidth=\dimen179

(/usr/share/texlive/texmf-dist/tex/latex/listings/lstmisc.sty
File: lstmisc.sty 2015/06/04 1.6 (Carsten Heinz)
\c@lstnumber=\count138
\lst@skipnumbers=\count139
\lst@framebox=\box40
)
(/usr/share/texlive/texmf-dist/tex/latex/listings/listings.cfg
File: listings.cfg 2015/06/04 1.6 listings configuration
))
Package: listings 2015/06/04 1.6 (Carsten Heinz)

(/usr/share/texlive/texmf-dist/tex/latex/hyperref/hyperref.sty
Package: hyperref 2012/11/06 v6.83m Hypertext links for LaTeX

(/usr/share/texlive/texmf-dist/tex/generic/oberdiek/hobsub-hyperref.sty
Package: hobsub-hyperref 2012/05/28 v1.13 Bundle oberdiek, subset hyperref (HO)


(/usr/share/texlive/texmf-dist/tex/generic/oberdiek/hobsub-generic.sty
Package: hobsub-generic 2012/05/28 v1.13 Bundle oberdiek, subset generic (HO)
Package: hobsub 2012/05/28 v1.13 Construct package bundles (HO)
Package hobsub Info: Skipping package `infwarerr' (already loaded).
Package hobsub Info: Skipping package `ltxcmds' (already loaded).
Package: ifluatex 2010/03/01 v1.3 Provides the ifluatex switch (HO)
Package ifluatex Info: LuaTeX not detected.
Package: ifvtex 2010/03/01 v1.5 Detect VTeX and its facilities (HO)
Package ifvtex Info: VTeX not detected.
Package: intcalc 2007/09/27 v1.1 Expandable calculations with integers (HO)
Package: ifpdf 2011/01/30 v2.3 Provides the ifpdf switch (HO)
Package ifpdf Info: pdfTeX in PDF mode is detected.
Package: etexcmds 2011/02/16 v1.5 Avoid name clashes with e-TeX commands (HO)
Package etexcmds Info: Could not find \expanded.
(etexcmds)             That can mean that you are not using pdfTeX 1.50 or
(etexcmds)             that some package has redefined \expanded.
(etexcmds)             In the latter case, load this package earlier.
Package: kvsetkeys 2012/04/25 v1.16 Key value parser (HO)
Package: kvdefinekeys 2011/04/07 v1.3 Define keys (HO)
Package: pdftexcmds 2011/11/29 v0.20 Utility functions of pdfTeX for LuaTeX (HO
)
Package pdftexcmds Info: LuaTeX not detected.
Package pdftexcmds Info: \pdf@primitive is available.
Package pdftexcmds Info: \pdf@ifprimitive is available.
Package pdftexcmds Info: \pdfdraftmode found.
Package: pdfescape 2011/11/25 v1.13 Implements pdfTeX's escape features (HO)
Package: bigintcalc 2012/04/08 v1.3 Expandable calculations on big integers (HO
)
Package: bitset 2011/01/30 v1.1 Handle bit-vector datatype (HO)
Package: uniquecounter 2011/01/30 v1.2 Provide unlimited unique counter (HO)
)
Package hobsub Info: Skipping package `hobsub' (already loaded).
Package: letltxmacro 2010/09/02 v1.4 Let assignment for LaTeX macros (HO)
Package: hopatch 2012/05/28 v1.2 Wrapper for package hooks (HO)
Package: xcolor-patch 2011/01/30 xcolor patch
Package: atveryend 2011/06/30 v1.8 Hooks at the very end of document (HO)
Package atveryend Info: \enddocument detected (standard20110627).
Package: atbegshi 2011/10/05 v1.16 At begin shipout hook (HO)
Package: refcount 2011/10/16 v3.4 Data extraction from label references (HO)
Package: hycolor 2011/01/30 v1.7 Color options for hyperref/bookmark (HO)
)
(/usr/share/texlive/texmf-dist/tex/generic/ifxetex/ifxetex.sty
Package: ifxetex 2010/09/12 v0.6 Provides ifxetex conditional
)
(/usr/share/texlive/texmf-dist/tex/latex/oberdiek/auxhook.sty
Package: auxhook 2011/03/04 v1.3 Hooks for auxiliary files (HO)
)
(/usr/share/texlive/texmf-dist/tex/latex/oberdiek/kvoptions.sty
Package: kvoptions 2011/06/30 v3.11 Key value format for package options (HO)
)
\@linkdim=\dimen180
\Hy@linkcounter=\count140
\Hy@pagecounter=\count141

(/usr/share/texlive/texmf-dist/tex/latex/hyperref/pd1enc.def
File: pd1enc.def 2012/11/06 v6.83m Hyperref: PDFDocEncoding definition (HO)
)
\Hy@SavedSpaceFactor=\count142

(/usr/share/texlive/texmf-dist/tex/latex/latexconfig/hyperref.cfg
File: hyperref.cfg 2002/06/06 v1.2 hyperref configuration of TeXLive
)
Package hyperref Info: Hyper figures OFF on input line 4443.
Package hyperref Info: Link nesting OFF on input line 4448.
Package hyperref Info: Hyper index ON on input line 4451.
Package hyperref Info: Plain pages OFF on input line 4458.
Package hyperref Info: Backreferencing OFF on input line 4463.
Package hyperref Info: Implicit mode ON; LaTeX internals redefined.
Package hyperref Info: Bookmarks ON on input line 4688.
\c@Hy@tempcnt=\count143

(/usr/share/texlive/texmf-dist/tex/latex/url/url.sty
\Urlmuskip=\muskip11
Package: url 2013/09/16  ver 3.4  Verb mode for urls, etc.
)
LaTeX Info: Redefining \url on input line 5041.
\XeTeXLinkMargin=\dimen181
\Fld@menulength=\count144
\Field@Width=\dimen182
\Fld@charsize=\dimen183
Package hyperref Info: Hyper figures OFF on input line 6295.
Package hyperref Info: Link nesting OFF on input line 6300.
Package hyperref Info: Hyper index ON on input line 6303.
Package hyperref Info: backreferencing OFF on input line 6310.
Package hyperref Info: Link coloring OFF on input line 6315.
Package hyperref Info: Link coloring with OCG OFF on input line 6320.
Package hyperref Info: PDF/A mode OFF on input line 6325.
LaTeX Info: Redefining \ref on input line 6365.
LaTeX Info: Redefining \pageref on input line 6369.
\Hy@abspage=\count145
\c@Item=\count146
\c@Hfootnote=\count147
)

Package hyperref Message: Driver (autodetected): hpdftex.

(/usr/share/texlive/texmf-dist/tex/latex/hyperref/hpdftex.def
File: hpdftex.def 2012/11/06 v6.83m Hyperref driver for pdfTeX
\Fld@listcount=\count148
\c@bookmark@seq@number=\count149

(/usr/share/texlive/texmf-dist/tex/latex/oberdiek/rerunfilecheck.sty
Package: rerunfilecheck 2011/04/15 v1.7 Rerun checks for auxiliary files (HO)
Package uniquecounter Info: New unique counter `rerunfilecheck' on input line 2
82.
)
\Hy@SectionHShift=\skip51
)
(/usr/share/texlive/texmf-dist/tex/latex/oberdiek/listingsutf8.sty
Package: listingsutf8 2011/11/10 v1.2 Allow UTF-8 in listings input (HO)

(/usr/share/texlive/texmf-dist/tex/generic/oberdiek/stringenc.sty
Package: stringenc 2011/12/02 v1.10 Convert strings between diff. encodings (HO
)
))
(/usr/share/texlive/texmf-dist/tex/latex/tools/tabularx.sty
Package: tabularx 2014/10/28 v2.10 `tabularx' package (DPC)

(/usr/share/texlive/texmf-dist/tex/latex/tools/array.sty
Package: array 2014/10/28 v2.4c Tabular extension package (FMi)
\col@sep=\dimen184
\extrarowheight=\dimen185
\NC@list=\toks41
\extratabsurround=\skip52
\backup@length=\skip53
)
\TX@col@width=\dimen186
\TX@old@table=\dimen187
\TX@old@col=\dimen188
\TX@target=\dimen189
\TX@delta=\dimen190
\TX@cols=\count150
\TX@ftn=\toks42
)
(/usr/share/texlive/texmf-dist/tex/latex/placeins/placeins.sty
Package: placeins 2005/04/18  v 2.2
)
(/usr/share/texlive/texmf-dist/tex/latex/koma-script/typearea.sty
Package: typearea 2015/10/03 v3.19a KOMA-Script package (type area)

Package typearea, 2015/10/03 v3.19a KOMA-Script package (type area)
                  Copyright (C) Frank Neukam, 1992-1994
                  Copyright (C) Markus Kohm, 1994-

(/usr/share/texlive/texmf-dist/tex/latex/koma-script/scrkbase.sty
Package: scrkbase 2015/10/03 v3.19a KOMA-Script package (KOMA-Script-dependent 
basics and keyval usage)

(/usr/share/texlive/texmf-dist/tex/latex/koma-script/scrbase.sty
Package: scrbase 2015/10/03 v3.19a KOMA-Script package (KOMA-Script-independent
 basics and keyval usage)

(/usr/share/texlive/texmf-dist/tex/latex/koma-script/scrlfile.sty
Package: scrlfile 2015/10/03 v3.19a KOMA-Script package (loading files)

Package scrlfile, 2015/10/03 v3.19a KOMA-Script package (loading files)
                  Copyright (C) Markus Kohm

)))
\ta@bcor=\skip54
\ta@div=\count151
\ta@hblk=\skip55
\ta@vblk=\skip56
\ta@temp=\skip57
\footheight=\skip58
Package typearea Info: These are the values describing the layout:
(typearea)             DIV  = 12
(typearea)             BCOR = 0.0pt
(typearea)             \paperwidth      = 597.50793pt
(typearea)              \textwidth      = 448.13095pt
(typearea)              DIV departure   = -6%
(typearea)              \evensidemargin = 2.4185pt
(typearea)              \oddsidemargin  = 2.4185pt
(typearea)             \paperheight     = 845.04694pt
(typearea)              \textheight     = 635.5pt
(typearea)              \topmargin      = -41.72441pt
(typearea)              \headheight     = 18.125pt
(typearea)              \headsep        = 21.75pt
(typearea)              \topskip        = 12.0pt
(typearea)              \footskip       = 50.75pt
(typearea)              \baselineskip   = 14.5pt
(typearea)              on input line 1509.
) (/usr/share/texlive/texmf-dist/tex/latex/soul/soul.sty
Package: soul 2003/11/17 v2.4 letterspacing/underlining (mf)
\SOUL@word=\toks43
\SOUL@lasttoken=\toks44
\SOUL@cmds=\toks45
\SOUL@buffer=\toks46
\SOUL@token=\toks47
\SOUL@spaceskip=\skip59
\SOUL@ttwidth=\dimen191
\SOUL@uldp=\dimen192
\SOUL@ulht=\dimen193
)
(/usr/share/texlive/texmf-dist/tex/latex/tools/verbatim.sty
Package: verbatim 2014/10/28 v1.5q LaTeX2e package for verbatim enhancements
\every@verbatim=\toks48
\verbatim@line=\toks49
\verbatim@in@stream=\read2
)
(/usr/share/texlive/texmf-dist/tex/latex/caption/caption.sty
Package: caption 2016/02/21 v3.3-144 Customizing captions (AR)

(/usr/share/texlive/texmf-dist/tex/latex/caption/caption3.sty
Package: caption3 2016/02/04 v1.7-139 caption3 kernel (AR)
Package caption3 Info: TeX engine: e-TeX on input line 67.
\captionmargin=\dimen194
\captionmargin@=\dimen195
\captionwidth=\dimen196
\caption@tempdima=\dimen197
\caption@indent=\dimen198
\caption@parindent=\dimen199
\caption@hangindent=\dimen256
)
\c@ContinuedFloat=\count152
Package caption Info: hyperref package is loaded.
Package caption Info: listings package is loaded.
)
(/usr/share/texlive/texmf-dist/tex/latex/graphics/lscape.sty
Package: lscape 2000/10/22 v3.01 Landscape Pages (DPC)
)
(/usr/share/texlive/texmf-dist/tex/latex/oberdiek/pdflscape.sty
Package: pdflscape 2008/08/11 v0.10 Display of landscape pages in PDF (HO)
Package pdflscape Info: Auto-detected driver: pdftex on input line 80.
) (./main.aux
LaTeX Info: Redefining \. on input line 23.
LaTeX Info: Redefining \% on input line 23.


LaTeX Warning: Label `tab:sometab' multiply defined.


LaTeX Warning: Label `tab:sometab' multiply defined.

)
\openout1 = `main.aux'.

LaTeX Font Info:    Checking defaults for OML/cmm/m/it on input line 33.
LaTeX Font Info:    ... okay on input line 33.
LaTeX Font Info:    Checking defaults for T1/cmr/m/n on input line 33.
LaTeX Font Info:    ... okay on input line 33.
LaTeX Font Info:    Checking defaults for OT1/cmr/m/n on input line 33.
LaTeX Font Info:    ... okay on input line 33.
LaTeX Font Info:    Checking defaults for OMS/cmsy/m/n on input line 33.
LaTeX Font Info:    ... okay on input line 33.
LaTeX Font Info:    Checking defaults for OMX/cmex/m/n on input line 33.
LaTeX Font Info:    ... okay on input line 33.
LaTeX Font Info:    Checking defaults for U/cmr/m/n on input line 33.
LaTeX Font Info:    ... okay on input line 33.
LaTeX Font Info:    Checking defaults for PD1/pdf/m/n on input line 33.
LaTeX Font Info:    ... okay on input line 33.
LaTeX Info: Redefining \. on input line 33.
LaTeX Info: Redefining \% on input line 33.
 (/usr/share/texlive/texmf-dist/tex/latex/ucs/ucsencs.def
File: ucsencs.def 2011/01/21 Fixes to fontencodings LGR, T3
)
(/usr/share/texlive/texmf-dist/tex/context/base/supp-pdf.mkii
[Loading MPS to PDF converter (version 2006.09.02).]
\scratchcounter=\count153
\scratchdimen=\dimen257
\scratchbox=\box41
\nofMPsegments=\count154
\nofMParguments=\count155
\everyMPshowfont=\toks50
\MPscratchCnt=\count156
\MPscratchDim=\dimen258
\MPnumerator=\count157
\makeMPintoPDFobject=\count158
\everyMPtoPDFconversion=\toks51
) (/usr/share/texlive/texmf-dist/tex/latex/oberdiek/epstopdf-base.sty
Package: epstopdf-base 2010/02/09 v2.5 Base part for package epstopdf

(/usr/share/texlive/texmf-dist/tex/latex/oberdiek/grfext.sty
Package: grfext 2010/08/19 v1.1 Manage graphics extensions (HO)
)
Package grfext Info: Graphics extension search list:
(grfext)             [.png,.pdf,.jpg,.mps,.jpeg,.jbig2,.jb2,.PNG,.PDF,.JPG,.JPE
G,.JBIG2,.JB2,.eps]
(grfext)             \AppendGraphicsExtensions on input line 452.

(/usr/share/texlive/texmf-dist/tex/latex/latexconfig/epstopdf-sys.cfg
File: epstopdf-sys.cfg 2010/07/13 v1.3 Configuration of (r)epstopdf for TeX Liv
e
))
ABD: EveryShipout initializing macros
\c@lstlisting=\count159
\AtBeginShipoutBox=\box42
Package hyperref Info: Link coloring OFF on input line 33.

(/usr/share/texlive/texmf-dist/tex/latex/hyperref/nameref.sty
Package: nameref 2012/10/27 v2.43 Cross-referencing by name of section

(/usr/share/texlive/texmf-dist/tex/generic/oberdiek/gettitlestring.sty
Package: gettitlestring 2010/12/03 v1.4 Cleanup title references (HO)
)
\c@section@level=\count160
)
LaTeX Info: Redefining \ref on input line 33.
LaTeX Info: Redefining \pageref on input line 33.
LaTeX Info: Redefining \nameref on input line 33.

(./main.out) (./main.out)
\@outlinefile=\write4
\openout4 = `main.out'.

Package caption Info: Begin \AtBeginDocument code.
Package caption Info: End \AtBeginDocument code.

(/usr/share/texlive/texmf-dist/tex/latex/ucs/data/uni-0.def
File: uni-0.def 2013/05/13 UCS: Unicode data U+0000..U+00FF
)
<figuras/udea_logo4.png, id=51, 990.32484pt x 1297.47235pt>
File: figuras/udea_logo4.png Graphic file (type png)

<use figuras/udea_logo4.png>
Package pdftex.def Info: figuras/udea_logo4.png used on input line 92.
(pdftex.def)             Requested size: 89.12538pt x 116.76747pt.
Package babel Info: Redefining spanish shorthand <<
(babel)             in language  on input line 98.
Package babel Info: Redefining spanish shorthand >>
(babel)             in language  on input line 98.
Package babel Info: Redefining spanish shorthand "=
(babel)             in language  on input line 98.
Package babel Info: Redefining spanish shorthand "~
(babel)             in language  on input line 98.
Package babel Info: Redefining spanish shorthand "!
(babel)             in language  on input line 98.
Package babel Info: Redefining spanish shorthand "?
(babel)             in language  on input line 98.
Package babel Info: Redefining spanish shorthand <<
(babel)             in language  on input line 98.
Package babel Info: Redefining spanish shorthand >>
(babel)             in language  on input line 98.
Package babel Info: Redefining spanish shorthand "=
(babel)             in language  on input line 98.
Package babel Info: Redefining spanish shorthand "~
(babel)             in language  on input line 98.
Package babel Info: Redefining spanish shorthand "!
(babel)             in language  on input line 98.
Package babel Info: Redefining spanish shorthand "?
(babel)             in language  on input line 98.
 [1

{/var/lib/texmf/fonts/map/pdftex/updmap/pdftex.map} <./figuras/udea_logo4.png>]
 (./main.toc
LaTeX Info: Redefining \. on input line 1.
LaTeX Info: Redefining \% on input line 1.
)
\tf@toc=\write5
\openout5 = `main.toc'.

Package babel Info: Redefining spanish shorthand <<
(babel)             in language  on input line 101.
Package babel Info: Redefining spanish shorthand >>
(babel)             in language  on input line 101.
Package babel Info: Redefining spanish shorthand "=
(babel)             in language  on input line 101.
Package babel Info: Redefining spanish shorthand "~
(babel)             in language  on input line 101.
Package babel Info: Redefining spanish shorthand "!
(babel)             in language  on input line 101.
Package babel Info: Redefining spanish shorthand "?
(babel)             in language  on input line 101.
Package babel Info: Redefining spanish shorthand <<
(babel)             in language  on input line 101.
Package babel Info: Redefining spanish shorthand >>
(babel)             in language  on input line 101.
Package babel Info: Redefining spanish shorthand "=
(babel)             in language  on input line 101.
Package babel Info: Redefining spanish shorthand "~
(babel)             in language  on input line 101.
Package babel Info: Redefining spanish shorthand "!
(babel)             in language  on input line 101.
Package babel Info: Redefining spanish shorthand "?
(babel)             in language  on input line 101.
pdfTeX warning (ext4): destination with the same identifier (name{page.1}) has 
been already used, duplicate ignored
<to be read again> 
                   \relax 
l.101 \newpage
               [1]
Package hyperref Info: bookmark level for unknown todo defaults to 0 on input l
ine 118.
Package babel Info: Redefining spanish shorthand <<
(babel)             in language  on input line 127.
Package babel Info: Redefining spanish shorthand >>
(babel)             in language  on input line 127.
Package babel Info: Redefining spanish shorthand "=
(babel)             in language  on input line 127.
Package babel Info: Redefining spanish shorthand "~
(babel)             in language  on input line 127.
Package babel Info: Redefining spanish shorthand "!
(babel)             in language  on input line 127.
Package babel Info: Redefining spanish shorthand "?
(babel)             in language  on input line 127.
Package babel Info: Redefining spanish shorthand <<
(babel)             in language  on input line 139.
Package babel Info: Redefining spanish shorthand >>
(babel)             in language  on input line 139.
Package babel Info: Redefining spanish shorthand "=
(babel)             in language  on input line 139.
Package babel Info: Redefining spanish shorthand "~
(babel)             in language  on input line 139.
Package babel Info: Redefining spanish shorthand "!
(babel)             in language  on input line 139.
Package babel Info: Redefining spanish shorthand "?
(babel)             in language  on input line 139.
Package babel Info: Redefining spanish shorthand <<
(babel)             in language  on input line 162.
Package babel Info: Redefining spanish shorthand >>
(babel)             in language  on input line 162.
Package babel Info: Redefining spanish shorthand "=
(babel)             in language  on input line 162.
Package babel Info: Redefining spanish shorthand "~
(babel)             in language  on input line 162.
Package babel Info: Redefining spanish shorthand "!
(babel)             in language  on input line 162.
Package babel Info: Redefining spanish shorthand "?
(babel)             in language  on input line 162.
Package babel Info: Redefining spanish shorthand <<
(babel)             in language  on input line 162.
Package babel Info: Redefining spanish shorthand >>
(babel)             in language  on input line 162.
Package babel Info: Redefining spanish shorthand "=
(babel)             in language  on input line 162.
Package babel Info: Redefining spanish shorthand "~
(babel)             in language  on input line 162.
Package babel Info: Redefining spanish shorthand "!
(babel)             in language  on input line 162.
Package babel Info: Redefining spanish shorthand "?
(babel)             in language  on input line 162.
 [2]
<figuras/sistema_simplificado2.png, id=94, 664.4825pt x 414.54875pt>
File: figuras/sistema_simplificado2.png Graphic file (type png)

<use figuras/sistema_simplificado2.png>
Package pdftex.def Info: figuras/sistema_simplificado2.png used on input line 1
78.
(pdftex.def)             Requested size: 332.24043pt x 207.27386pt.
Package babel Info: Redefining spanish shorthand <<
(babel)             in language  on input line 183.
Package babel Info: Redefining spanish shorthand >>
(babel)             in language  on input line 183.
Package babel Info: Redefining spanish shorthand "=
(babel)             in language  on input line 183.
Package babel Info: Redefining spanish shorthand "~
(babel)             in language  on input line 183.
Package babel Info: Redefining spanish shorthand "!
(babel)             in language  on input line 183.
Package babel Info: Redefining spanish shorthand "?
(babel)             in language  on input line 183.
Package babel Info: Redefining spanish shorthand <<
(babel)             in language  on input line 197.
Package babel Info: Redefining spanish shorthand >>
(babel)             in language  on input line 197.
Package babel Info: Redefining spanish shorthand "=
(babel)             in language  on input line 197.
Package babel Info: Redefining spanish shorthand "~
(babel)             in language  on input line 197.
Package babel Info: Redefining spanish shorthand "!
(babel)             in language  on input line 197.
Package babel Info: Redefining spanish shorthand "?
(babel)             in language  on input line 197.
Package babel Info: Redefining spanish shorthand <<
(babel)             in language  on input line 197.
Package babel Info: Redefining spanish shorthand >>
(babel)             in language  on input line 197.
Package babel Info: Redefining spanish shorthand "=
(babel)             in language  on input line 197.
Package babel Info: Redefining spanish shorthand "~
(babel)             in language  on input line 197.
Package babel Info: Redefining spanish shorthand "!
(babel)             in language  on input line 197.
Package babel Info: Redefining spanish shorthand "?
(babel)             in language  on input line 197.
 [3 <./figuras/sistema_simplificado2.png>] <figuras/sources.png, id=105, 652.43
75pt x 384.43625pt>
File: figuras/sources.png Graphic file (type png)

<use figuras/sources.png>
Package pdftex.def Info: figuras/sources.png used on input line 248.
(pdftex.def)             Requested size: 326.21794pt x 192.21765pt.
Package babel Info: Redefining spanish shorthand <<
(babel)             in language  on input line 254.
Package babel Info: Redefining spanish shorthand >>
(babel)             in language  on input line 254.
Package babel Info: Redefining spanish shorthand "=
(babel)             in language  on input line 254.
Package babel Info: Redefining spanish shorthand "~
(babel)             in language  on input line 254.
Package babel Info: Redefining spanish shorthand "!
(babel)             in language  on input line 254.
Package babel Info: Redefining spanish shorthand "?
(babel)             in language  on input line 254.
Package babel Info: Redefining spanish shorthand <<
(babel)             in language  on input line 269.
Package babel Info: Redefining spanish shorthand >>
(babel)             in language  on input line 269.
Package babel Info: Redefining spanish shorthand "=
(babel)             in language  on input line 269.
Package babel Info: Redefining spanish shorthand "~
(babel)             in language  on input line 269.
Package babel Info: Redefining spanish shorthand "!
(babel)             in language  on input line 269.
Package babel Info: Redefining spanish shorthand "?
(babel)             in language  on input line 269.
Package babel Info: Redefining spanish shorthand <<
(babel)             in language  on input line 269.
Package babel Info: Redefining spanish shorthand >>
(babel)             in language  on input line 269.
Package babel Info: Redefining spanish shorthand "=
(babel)             in language  on input line 269.
Package babel Info: Redefining spanish shorthand "~
(babel)             in language  on input line 269.
Package babel Info: Redefining spanish shorthand "!
(babel)             in language  on input line 269.
Package babel Info: Redefining spanish shorthand "?
(babel)             in language  on input line 269.
 [4]
Package babel Info: Redefining spanish shorthand <<
(babel)             in language  on input line 285.
Package babel Info: Redefining spanish shorthand >>
(babel)             in language  on input line 285.
Package babel Info: Redefining spanish shorthand "=
(babel)             in language  on input line 285.
Package babel Info: Redefining spanish shorthand "~
(babel)             in language  on input line 285.
Package babel Info: Redefining spanish shorthand "!
(babel)             in language  on input line 285.
Package babel Info: Redefining spanish shorthand "?
(babel)             in language  on input line 285.
Package babel Info: Redefining spanish shorthand <<
(babel)             in language  on input line 318.
Package babel Info: Redefining spanish shorthand >>
(babel)             in language  on input line 318.
Package babel Info: Redefining spanish shorthand "=
(babel)             in language  on input line 318.
Package babel Info: Redefining spanish shorthand "~
(babel)             in language  on input line 318.
Package babel Info: Redefining spanish shorthand "!
(babel)             in language  on input line 318.
Package babel Info: Redefining spanish shorthand "?
(babel)             in language  on input line 318.
Package babel Info: Redefining spanish shorthand <<
(babel)             in language  on input line 318.
Package babel Info: Redefining spanish shorthand >>
(babel)             in language  on input line 318.
Package babel Info: Redefining spanish shorthand "=
(babel)             in language  on input line 318.
Package babel Info: Redefining spanish shorthand "~
(babel)             in language  on input line 318.
Package babel Info: Redefining spanish shorthand "!
(babel)             in language  on input line 318.
Package babel Info: Redefining spanish shorthand "?
(babel)             in language  on input line 318.
 [5 <./figuras/sources.png>]
Underfull \hbox (badness 10000) in paragraph at lines 348--348
[]|\OT1/cmr/m/n/10 2008 -
 []


Underfull \hbox (badness 3514) in paragraph at lines 359--359
[]|[]\OT1/cmr/m/n/10 University of New
 []


Underfull \hbox (badness 1342) in paragraph at lines 366--366
[]|[]\OT1/cmr/m/n/10 The CFReDS Pro-
 []


Underfull \hbox (badness 1472) in paragraph at lines 374--374
[]|\OT1/cmr/m/n/10 68 net-work re-la-ted
 []


Underfull \hbox (badness 10000) in paragraph at lines 376--376
[]|\OT1/cmr/m/n/10 1998 -
 []


Underfull \hbox (badness 2717) in paragraph at lines 381--381
[]|\OT1/cmr/m/n/10 Cisco, Ze-bra BGP
 []


Underfull \hbox (badness 10000) in paragraph at lines 383--383
[]|\OT1/cmr/m/n/10 1997 -
 []


Underfull \hbox (badness 10000) in paragraph at lines 395--395
[]|\OT1/cmr/m/n/10 Caracteristicas
 []


Underfull \hbox (badness 10000) in paragraph at lines 395--395
\OT1/cmr/m/n/10 DAR-PA usan-do
 []

Package babel Info: Redefining spanish shorthand <<
(babel)             in language  on input line 427.
Package babel Info: Redefining spanish shorthand >>
(babel)             in language  on input line 427.
Package babel Info: Redefining spanish shorthand "=
(babel)             in language  on input line 427.
Package babel Info: Redefining spanish shorthand "~
(babel)             in language  on input line 427.
Package babel Info: Redefining spanish shorthand "!
(babel)             in language  on input line 427.
Package babel Info: Redefining spanish shorthand "?
(babel)             in language  on input line 427.

Overfull \hbox (14.62935pt too wide) in paragraph at lines 436--436
[][][][]\OT1/cmr/m/n/12 Agregando 
 []


Overfull \hbox (14.62935pt too wide) in paragraph at lines 436--436
[][][][]\OT1/cmr/m/n/12 Agregando 
 []


Overfull \hbox (14.62935pt too wide) in paragraph at lines 436--436
[][][][]\OT1/cmr/m/n/12 Agregando 
 []


Overfull \hbox (14.62935pt too wide) in paragraph at lines 436--436
[][][][]\OT1/cmr/m/n/12 Agregando 
 []

Package babel Info: Redefining spanish shorthand <<
(babel)             in language  on input line 438.
Package babel Info: Redefining spanish shorthand >>
(babel)             in language  on input line 438.
Package babel Info: Redefining spanish shorthand "=
(babel)             in language  on input line 438.
Package babel Info: Redefining spanish shorthand "~
(babel)             in language  on input line 438.
Package babel Info: Redefining spanish shorthand "!
(babel)             in language  on input line 438.
Package babel Info: Redefining spanish shorthand "?
(babel)             in language  on input line 438.
Package babel Info: Redefining spanish shorthand <<
(babel)             in language  on input line 438.
Package babel Info: Redefining spanish shorthand >>
(babel)             in language  on input line 438.
Package babel Info: Redefining spanish shorthand "=
(babel)             in language  on input line 438.
Package babel Info: Redefining spanish shorthand "~
(babel)             in language  on input line 438.
Package babel Info: Redefining spanish shorthand "!
(babel)             in language  on input line 438.
Package babel Info: Redefining spanish shorthand "?
(babel)             in language  on input line 438.
[6]
Underfull \hbox (badness 10000) in paragraph at lines 460--460
[]|\OT1/cmr/m/n/6 LOIC (Low
 []


Underfull \hbox (badness 10000) in paragraph at lines 460--460
\OT1/cmr/m/n/6 Or-bit Ion
 []


Underfull \hbox (badness 2005) in paragraph at lines 461--461
[]|\OT1/cmr/m/n/6 HTTP, TCP,
 []


Underfull \hbox (badness 2027) in paragraph at lines 462--462
[]|\OT1/cmr/m/n/6 GET Flood, TCP Flood,
 []

(/usr/share/texlive/texmf-dist/tex/latex/ucs/data/uni-32.def
File: uni-32.def 2013/05/13 UCS: Unicode data U+2000..U+20FF
)
Underfull \hbox (badness 10000) in paragraph at lines 488--488
[]|\OT1/cmr/m/n/6 Tor's Ham-
 []


Underfull \hbox (badness 10000) in paragraph at lines 509--509
[]|\OT1/cmr/m/n/6 High Or-bit
 []


Underfull \hbox (badness 10000) in paragraph at lines 509--509
\OT1/cmr/m/n/6 Ion Can-non
 []


Underfull \hbox (badness 10000) in paragraph at lines 516--516
[]|\OT1/cmr/m/n/6 HULK
 []


Underfull \hbox (badness 10000) in paragraph at lines 516--516
\OT1/cmr/m/n/6 (HTTP
 []


Underfull \hbox (badness 10000) in paragraph at lines 516--516
\OT1/cmr/m/n/6 Un-bea-ra-ble
 []


Underfull \hbox (badness 5260) in paragraph at lines 518--518
[]|\OT1/cmr/m/n/6 TCP SYN flood, HTTP
 []


Underfull \hbox (badness 10000) in paragraph at lines 523--523
[]|\OT1/cmr/m/n/6 TFN (Tri-
 []


Underfull \hbox (badness 10000) in paragraph at lines 523--523
\OT1/cmr/m/n/6 be Flood
 []


Underfull \hbox (badness 6001) in paragraph at lines 524--524
[]|\OT1/cmr/m/n/6 ICMP, TCP,
 []


Underfull \hbox (badness 10000) in paragraph at lines 527--528
[]|\OT1/cmr/m/n/6 Ancho de
 []


Underfull \hbox (badness 10000) in paragraph at lines 530--530
[]|\OT1/cmr/m/n/6 trin00 (o
 []


Underfull \hbox (badness 10000) in paragraph at lines 534--535
[]|\OT1/cmr/m/n/6 Ancho de
 []


Underfull \hbox (badness 6001) in paragraph at lines 538--538
[]|\OT1/cmr/m/n/6 ICMP, TCP,
 []


Underfull \hbox (badness 10000) in paragraph at lines 541--542
[]|\OT1/cmr/m/n/6 Ancho de
 []


Underfull \hbox (badness 10000) in paragraph at lines 545--545
[]|\OT1/cmr/m/n/6 TCP, UDP,
 []


Underfull \hbox (badness 10000) in paragraph at lines 548--549
[]|\OT1/cmr/m/n/6 Ancho de
 []


Underfull \hbox (badness 2005) in paragraph at lines 552--552
[]|\OT1/cmr/m/n/6 HTTP, TCP,
 []


Underfull \hbox (badness 2980) in paragraph at lines 553--553
[]|\OT1/cmr/m/n/6 Create full TCP con-nec-
 []


Underfull \hbox (badness 5622) in paragraph at lines 553--553
\OT1/cmr/m/n/6 tions, when the con-nec-
 []


Underfull \hbox (badness 10000) in paragraph at lines 576--577
[]|\OT1/cmr/m/n/6 Ancho de
 []


Underfull \hbox (badness 10000) in paragraph at lines 576--577
\OT1/cmr/m/n/6 ban-da, Re-
 []


Underfull \hbox (badness 10000) in paragraph at lines 580--580
[]|\OT1/cmr/m/n/6 TCP, UDP,
 []


Underfull \hbox (badness 10000) in paragraph at lines 583--584
[]|\OT1/cmr/m/n/6 Ancho de
 []


Underfull \hbox (badness 10000) in paragraph at lines 583--584
\OT1/cmr/m/n/6 ban-da, Re-
 []


Underfull \hbox (badness 10000) in paragraph at lines 586--586
[]|\OT1/cmr/m/n/6 Owasp Http
 []


Underfull \hbox (badness 10000) in paragraph at lines 588--588
[]|\OT1/cmr/m/n/6 HTTP POST at-tacks,
 []


Underfull \hbox (badness 10000) in paragraph at lines 593--593
[]|\OT1/cmr/m/n/6 THC-SSL-
 []


Underfull \hbox (badness 10000) in paragraph at lines 596--596
[]|\OT1/cmr/m/n/6 Presentaci^^Son
 []


Underfull \hbox (badness 10000) in paragraph at lines 602--602
[]|\OT1/cmr/m/n/6 HTTP POST at-tacks,
 []


Underfull \hbox (badness 10000) in paragraph at lines 604--605
[]|\OT1/cmr/m/n/6 Ancho de
 []

Package babel Info: Redefining spanish shorthand <<
(babel)             in language  on input line 623.
Package babel Info: Redefining spanish shorthand >>
(babel)             in language  on input line 623.
Package babel Info: Redefining spanish shorthand "=
(babel)             in language  on input line 623.
Package babel Info: Redefining spanish shorthand "~
(babel)             in language  on input line 623.
Package babel Info: Redefining spanish shorthand "!
(babel)             in language  on input line 623.
Package babel Info: Redefining spanish shorthand "?
(babel)             in language  on input line 623.

Underfull \hbox (badness 1845) in paragraph at lines 637--638
[]|\OT1/cmr/m/n/10 Enlace, red, trans-
 []


Underfull \hbox (badness 1845) in paragraph at lines 642--643
[]|\OT1/cmr/m/n/10 Enlace, red, trans-
 []


Underfull \hbox (badness 4291) in paragraph at lines 646--647
\OT1/cmr/m/n/10 IGMP, ARP, DHCP, OAM, VLAN,
 []


Underfull \hbox (badness 1845) in paragraph at lines 648--649
[]|\OT1/cmr/m/n/10 Enlace, red, trans-
 []


Underfull \hbox (badness 1845) in paragraph at lines 653--654
[]|\OT1/cmr/m/n/10 Enlace, red, trans-
 []


Underfull \hbox (badness 1845) in paragraph at lines 658--659
[]|\OT1/cmr/m/n/10 Enlace, red, trans-
 []


Underfull \hbox (badness 1845) in paragraph at lines 663--664
[]|\OT1/cmr/m/n/10 Enlace, red, trans-
 []


Underfull \hbox (badness 5077) in paragraph at lines 698--699
[]|\OT1/cmr/m/n/10 Transporte, en-la-ce,
 []

Package babel Info: Redefining spanish shorthand <<
(babel)             in language  on input line 752.
Package babel Info: Redefining spanish shorthand >>
(babel)             in language  on input line 752.
Package babel Info: Redefining spanish shorthand "=
(babel)             in language  on input line 752.
Package babel Info: Redefining spanish shorthand "~
(babel)             in language  on input line 752.
Package babel Info: Redefining spanish shorthand "!
(babel)             in language  on input line 752.
Package babel Info: Redefining spanish shorthand "?
(babel)             in language  on input line 752.
Package babel Info: Redefining spanish shorthand <<
(babel)             in language  on input line 752.
Package babel Info: Redefining spanish shorthand >>
(babel)             in language  on input line 752.
Package babel Info: Redefining spanish shorthand "=
(babel)             in language  on input line 752.
Package babel Info: Redefining spanish shorthand "~
(babel)             in language  on input line 752.
Package babel Info: Redefining spanish shorthand "!
(babel)             in language  on input line 752.
Package babel Info: Redefining spanish shorthand "?
(babel)             in language  on input line 752.
[7]
Package babel Info: Redefining spanish shorthand <<
(babel)             in language  on input line 752.
Package babel Info: Redefining spanish shorthand >>
(babel)             in language  on input line 752.
Package babel Info: Redefining spanish shorthand "=
(babel)             in language  on input line 752.
Package babel Info: Redefining spanish shorthand "~
(babel)             in language  on input line 752.
Package babel Info: Redefining spanish shorthand "!
(babel)             in language  on input line 752.
Package babel Info: Redefining spanish shorthand "?
(babel)             in language  on input line 752.
Package babel Info: Redefining spanish shorthand <<
(babel)             in language  on input line 752.
Package babel Info: Redefining spanish shorthand >>
(babel)             in language  on input line 752.
Package babel Info: Redefining spanish shorthand "=
(babel)             in language  on input line 752.
Package babel Info: Redefining spanish shorthand "~
(babel)             in language  on input line 752.
Package babel Info: Redefining spanish shorthand "!
(babel)             in language  on input line 752.
Package babel Info: Redefining spanish shorthand "?
(babel)             in language  on input line 752.
 [8]
Package babel Info: Redefining spanish shorthand <<
(babel)             in language  on input line 758.
Package babel Info: Redefining spanish shorthand >>
(babel)             in language  on input line 758.
Package babel Info: Redefining spanish shorthand "=
(babel)             in language  on input line 758.
Package babel Info: Redefining spanish shorthand "~
(babel)             in language  on input line 758.
Package babel Info: Redefining spanish shorthand "!
(babel)             in language  on input line 758.
Package babel Info: Redefining spanish shorthand "?
(babel)             in language  on input line 758.

Overfull \hbox (25.19997pt too wide) in paragraph at lines 764--773
 [][] 
 []


Overfull \hbox (25.19997pt too wide) in paragraph at lines 784--799
 [][] 
 []

Package babel Info: Redefining spanish shorthand <<
(babel)             in language  on input line 801.
Package babel Info: Redefining spanish shorthand >>
(babel)             in language  on input line 801.
Package babel Info: Redefining spanish shorthand "=
(babel)             in language  on input line 801.
Package babel Info: Redefining spanish shorthand "~
(babel)             in language  on input line 801.
Package babel Info: Redefining spanish shorthand "!
(babel)             in language  on input line 801.
Package babel Info: Redefining spanish shorthand "?
(babel)             in language  on input line 801.
Package babel Info: Redefining spanish shorthand <<
(babel)             in language  on input line 816.
Package babel Info: Redefining spanish shorthand >>
(babel)             in language  on input line 816.
Package babel Info: Redefining spanish shorthand "=
(babel)             in language  on input line 816.
Package babel Info: Redefining spanish shorthand "~
(babel)             in language  on input line 816.
Package babel Info: Redefining spanish shorthand "!
(babel)             in language  on input line 816.
Package babel Info: Redefining spanish shorthand "?
(babel)             in language  on input line 816.
Package babel Info: Redefining spanish shorthand <<
(babel)             in language  on input line 816.
Package babel Info: Redefining spanish shorthand >>
(babel)             in language  on input line 816.
Package babel Info: Redefining spanish shorthand "=
(babel)             in language  on input line 816.
Package babel Info: Redefining spanish shorthand "~
(babel)             in language  on input line 816.
Package babel Info: Redefining spanish shorthand "!
(babel)             in language  on input line 816.
Package babel Info: Redefining spanish shorthand "?
(babel)             in language  on input line 816.
[9]
Package babel Info: Redefining spanish shorthand <<
(babel)             in language  on input line 821.
Package babel Info: Redefining spanish shorthand >>
(babel)             in language  on input line 821.
Package babel Info: Redefining spanish shorthand "=
(babel)             in language  on input line 821.
Package babel Info: Redefining spanish shorthand "~
(babel)             in language  on input line 821.
Package babel Info: Redefining spanish shorthand "!
(babel)             in language  on input line 821.
Package babel Info: Redefining spanish shorthand "?
(babel)             in language  on input line 821.
Package babel Info: Redefining spanish shorthand <<
(babel)             in language  on input line 847.
Package babel Info: Redefining spanish shorthand >>
(babel)             in language  on input line 847.
Package babel Info: Redefining spanish shorthand "=
(babel)             in language  on input line 847.
Package babel Info: Redefining spanish shorthand "~
(babel)             in language  on input line 847.
Package babel Info: Redefining spanish shorthand "!
(babel)             in language  on input line 847.
Package babel Info: Redefining spanish shorthand "?
(babel)             in language  on input line 847.
Package babel Info: Redefining spanish shorthand <<
(babel)             in language  on input line 847.
Package babel Info: Redefining spanish shorthand >>
(babel)             in language  on input line 847.
Package babel Info: Redefining spanish shorthand "=
(babel)             in language  on input line 847.
Package babel Info: Redefining spanish shorthand "~
(babel)             in language  on input line 847.
Package babel Info: Redefining spanish shorthand "!
(babel)             in language  on input line 847.
Package babel Info: Redefining spanish shorthand "?
(babel)             in language  on input line 847.
 [10]
Package babel Info: Redefining spanish shorthand <<
(babel)             in language  on input line 877.
Package babel Info: Redefining spanish shorthand >>
(babel)             in language  on input line 877.
Package babel Info: Redefining spanish shorthand "=
(babel)             in language  on input line 877.
Package babel Info: Redefining spanish shorthand "~
(babel)             in language  on input line 877.
Package babel Info: Redefining spanish shorthand "!
(babel)             in language  on input line 877.
Package babel Info: Redefining spanish shorthand "?
(babel)             in language  on input line 877.
Package babel Info: Redefining spanish shorthand <<
(babel)             in language  on input line 877.
Package babel Info: Redefining spanish shorthand >>
(babel)             in language  on input line 877.
Package babel Info: Redefining spanish shorthand "=
(babel)             in language  on input line 877.
Package babel Info: Redefining spanish shorthand "~
(babel)             in language  on input line 877.
Package babel Info: Redefining spanish shorthand "!
(babel)             in language  on input line 877.
Package babel Info: Redefining spanish shorthand "?
(babel)             in language  on input line 877.
 [11]
Package babel Info: Redefining spanish shorthand <<
(babel)             in language  on input line 884.
Package babel Info: Redefining spanish shorthand >>
(babel)             in language  on input line 884.
Package babel Info: Redefining spanish shorthand "=
(babel)             in language  on input line 884.
Package babel Info: Redefining spanish shorthand "~
(babel)             in language  on input line 884.
Package babel Info: Redefining spanish shorthand "!
(babel)             in language  on input line 884.
Package babel Info: Redefining spanish shorthand "?
(babel)             in language  on input line 884.
 (./main.bbl)
Package babel Info: Redefining spanish shorthand <<
(babel)             in language  on input line 899.
Package babel Info: Redefining spanish shorthand >>
(babel)             in language  on input line 899.
Package babel Info: Redefining spanish shorthand "=
(babel)             in language  on input line 899.
Package babel Info: Redefining spanish shorthand "~
(babel)             in language  on input line 899.
Package babel Info: Redefining spanish shorthand "!
(babel)             in language  on input line 899.
Package babel Info: Redefining spanish shorthand "?
(babel)             in language  on input line 899.
Package babel Info: Redefining spanish shorthand <<
(babel)             in language  on input line 899.
Package babel Info: Redefining spanish shorthand >>
(babel)             in language  on input line 899.
Package babel Info: Redefining spanish shorthand "=
(babel)             in language  on input line 899.
Package babel Info: Redefining spanish shorthand "~
(babel)             in language  on input line 899.
Package babel Info: Redefining spanish shorthand "!
(babel)             in language  on input line 899.
Package babel Info: Redefining spanish shorthand "?
(babel)             in language  on input line 899.
 [12]
Package atveryend Info: Empty hook `BeforeClearDocument' on input line 899.
Package atveryend Info: Empty hook `AfterLastShipout' on input line 899.
 (./main.aux
LaTeX Info: Redefining \. on input line 23.
LaTeX Info: Redefining \% on input line 23.
)
Package atveryend Info: Executing hook `AtVeryEndDocument' on input line 899.
Package atveryend Info: Executing hook `AtEndAfterFileList' on input line 899.
Package rerunfilecheck Info: File `main.out' has not changed.
(rerunfilecheck)             Checksum: 2FE1D6E0B8BD2E428DFF792C0ACF45A5;704.


LaTeX Warning: There were multiply-defined labels.

Package atveryend Info: Empty hook `AtVeryVeryEnd' on input line 899.
 ) 
Here is how much of TeX's memory you used:
 21879 strings out of 493029
 390640 string characters out of 6136234
 516567 words of memory out of 5000000
 24975 multiletter control sequences out of 15000+600000
 15228 words of font info for 53 fonts, out of 8000000 for 9000
 1141 hyphenation exceptions out of 8191
 62i,11n,100p,518b,937s stack positions out of 5000i,500n,10000p,200000b,80000s
</usr/share/texlive/texmf-dist/fonts/type1/public/amsfonts/cm/cmbx10.pfb></us
r/share/texlive/texmf-dist/fonts/type1/public/amsfonts/cm/cmbx12.pfb></usr/shar
e/texlive/texmf-dist/fonts/type1/public/amsfonts/cm/cmbxti10.pfb></usr/share/te
xlive/texmf-dist/fonts/type1/public/amsfonts/cm/cmcsc10.pfb></usr/share/texlive
/texmf-dist/fonts/type1/public/amsfonts/cm/cmr10.pfb></usr/share/texlive/texmf-
dist/fonts/type1/public/amsfonts/cm/cmr12.pfb></usr/share/texlive/texmf-dist/fo
nts/type1/public/amsfonts/cm/cmr6.pfb></usr/share/texlive/texmf-dist/fonts/type
1/public/amsfonts/cm/cmti12.pfb></usr/share/texlive/texmf-dist/fonts/type1/publ
ic/amsfonts/cm/cmtt12.pfb>
Output written on main.pdf (13 pages, 973670 bytes).
PDF statistics:
 240 PDF objects out of 1000 (max. 8388607)
 207 compressed objects within 3 object streams
 57 named destinations out of 1000 (max. 500000)
 116 words of extra memory for PDF output out of 10000 (max. 10000000)

